proguard/seeds.txt
org.rsalvaterra.fon.IntentHandlingService
org.rsalvaterra.fon.IntentHandlingService: IntentHandlingService()
org.rsalvaterra.fon.R$drawable: int ic_launcher
org.rsalvaterra.fon.R$drawable: int ic_stat_fon
org.rsalvaterra.fon.R$layout: int preferences_advanced
org.rsalvaterra.fon.R$layout: int preferences_main
org.rsalvaterra.fon.R$string: int advanced
org.rsalvaterra.fon.R$string: int app_name
org.rsalvaterra.fon.R$string: int autoconnect
org.rsalvaterra.fon.R$string: int autoconnectSummary
org.rsalvaterra.fon.R$string: int basic
org.rsalvaterra.fon.R$string: int close
org.rsalvaterra.fon.R$string: int failure
org.rsalvaterra.fon.R$string: int interval
org.rsalvaterra.fon.R$string: int intervalSummary
org.rsalvaterra.fon.R$string: int key_autoconnect
org.rsalvaterra.fon.R$string: int key_failure
org.rsalvaterra.fon.R$string: int key_interval
org.rsalvaterra.fon.R$string: int key_notify
org.rsalvaterra.fon.R$string: int key_password
org.rsalvaterra.fon.R$string: int key_reconnect
org.rsalvaterra.fon.R$string: int key_secure
org.rsalvaterra.fon.R$string: int key_success
org.rsalvaterra.fon.R$string: int key_username
org.rsalvaterra.fon.R$string: int key_vibration
org.rsalvaterra.fon.R$string: int notif_text_config
org.rsalvaterra.fon.R$string: int notif_text_logoff
org.rsalvaterra.fon.R$string: int notif_title_10001
org.rsalvaterra.fon.R$string: int notif_title_9xx
org.rsalvaterra.fon.R$string: int notif_title_conn
org.rsalvaterra.fon.R$string: int notifications
org.rsalvaterra.fon.R$string: int notify
org.rsalvaterra.fon.R$string: int password
org.rsalvaterra.fon.R$string: int passwordSummary
org.rsalvaterra.fon.R$string: int reconnect
org.rsalvaterra.fon.R$string: int reconnectSummary
org.rsalvaterra.fon.R$string: int secure
org.rsalvaterra.fon.WifiIntentReceiver
org.rsalvaterra.fon.WifiIntentReceiver: WifiIntentReceiver()
org.rsalvaterra.fon.activity.AdvancedPreferences
org.rsalvaterra.fon.activity.AdvancedPreferences: AdvancedPreferences()
org.rsalvaterra.fon.activity.BasicPreferences
org.rsalvaterra.fon.activity.BasicPreferences: BasicPreferences()