proguard/usage.txt
org.rsalvaterra.fon.Actions
org.rsalvaterra.fon.BuildConfig
org.rsalvaterra.fon.HttpUtils:
    private static final int MAX_TRIES
    private static final java.lang.String USER_AGENT_STRING
    private static final java.lang.String HEADER_ACCEPT_ENCODING
    private static final java.lang.String ENCODING_GZIP
    31:31:public HttpUtils()
org.rsalvaterra.fon.IntentHandlingService:
    private static final int NOTIFICATION_ID
    private static final int REQUEST_CODE
    private static final int CONNECTIVITY_CHECK_INTERVAL
org.rsalvaterra.fon.R
org.rsalvaterra.fon.R$attr
org.rsalvaterra.fon.R$drawable
org.rsalvaterra.fon.R$layout
org.rsalvaterra.fon.R$string
org.rsalvaterra.fon.ResponseCodes
org.rsalvaterra.fon.activity.AdvancedPreferences:
    private static final int BASIC_ID
org.rsalvaterra.fon.activity.BasicPreferences:
    private static final int CLOSE_ID
    private static final int ADVANCED_ID
org.rsalvaterra.fon.login.FonInfoHandler:
    private static final java.lang.String TAG_MESSAGE_TYPE
    private static final java.lang.String TAG_LOGIN_URL
org.rsalvaterra.fon.login.FonLogin:
    6:6:FonLogin()
org.rsalvaterra.fon.login.FonResponseHandler:
    private static final java.lang.String TAG_REPLY_MESSAGE
    private static final java.lang.String TAG_LOGOFF_URL
    private static final java.lang.String TAG_LOGIN_RESULTS_URL
    private static final java.lang.String TAG_FON_RESPONSE_CODE
org.rsalvaterra.fon.login.LivedoorLogin:
    private static final java.lang.String LIVEDOOR_TARGET_URL
    9:9:LivedoorLogin()
org.rsalvaterra.fon.login.LoginManager:
    private static final java.lang.String FON_MAC_PREFIX
    private static final java.lang.String FON_USERNAME_PREFIX
    private static final java.lang.String TAG_WISPR
    private static final java.lang.String TAG_WISPR_PASSWORD
    private static final java.lang.String TAG_WISPR_USERNAME
    static final java.lang.String CONNECTED
    static final java.lang.String CONNECTION_TEST_URL
    static final java.lang.String DEFAULT_LOGOFF_URL
    static final java.lang.String TAG_RESPONSE_CODE
    19:19:public LoginManager()
org.rsalvaterra.fon.login.SFRLogin:
    6:6:SFRLogin()